Using pre-set license
Built from '2021.3/staging' branch; Version is '2021.3.25f1 (68ef2c4f8861) revision 6876972'; Using compiler version '192829333'; Build Type 'Release'
OS: 'Windows 11  (10.0.22621) 64bit CoreSingleLanguage' Language: 'en' Physical Memory: 8070 MB
BatchMode: 1, IsHumanControllingUs: 0, StartBugReporterOnCrash: 0, Is64bit: 1, IsPro: 1

COMMAND LINE ARGUMENTS:
C:\Program Files\Unity 2021.3.25f1\Editor\Unity.exe
-adb2
-batchMode
-noUpm
-name
AssetImportWorker4
-projectPath
C:/Z_Unity/SecondZombieP1
-logFile
Logs/AssetImportWorker4.log
-srvPort
50425
Successfully changed project path to: C:/Z_Unity/SecondZombieP1
C:/Z_Unity/SecondZombieP1
[UnityMemory] Configuration Parameters - Can be set up in boot.config
    "memorysetup-bucket-allocator-granularity=16"
    "memorysetup-bucket-allocator-bucket-count=8"
    "memorysetup-bucket-allocator-block-size=33554432"
    "memorysetup-bucket-allocator-block-count=8"
    "memorysetup-main-allocator-block-size=16777216"
    "memorysetup-thread-allocator-block-size=16777216"
    "memorysetup-gfx-main-allocator-block-size=16777216"
    "memorysetup-gfx-thread-allocator-block-size=16777216"
    "memorysetup-cache-allocator-block-size=4194304"
    "memorysetup-typetree-allocator-block-size=2097152"
    "memorysetup-profiler-bucket-allocator-granularity=16"
    "memorysetup-profiler-bucket-allocator-bucket-count=8"
    "memorysetup-profiler-bucket-allocator-block-size=33554432"
    "memorysetup-profiler-bucket-allocator-block-count=8"
    "memorysetup-profiler-allocator-block-size=16777216"
    "memorysetup-profiler-editor-allocator-block-size=1048576"
    "memorysetup-temp-allocator-size-main=16777216"
    "memorysetup-job-temp-allocator-block-size=2097152"
    "memorysetup-job-temp-allocator-block-size-background=1048576"
    "memorysetup-job-temp-allocator-reduction-small-platforms=262144"
    "memorysetup-temp-allocator-size-background-worker=32768"
    "memorysetup-temp-allocator-size-job-worker=262144"
    "memorysetup-temp-allocator-size-preload-manager=33554432"
    "memorysetup-temp-allocator-size-nav-mesh-worker=65536"
    "memorysetup-temp-allocator-size-audio-worker=65536"
    "memorysetup-temp-allocator-size-cloud-worker=32768"
    "memorysetup-temp-allocator-size-gi-baking-worker=262144"
    "memorysetup-temp-allocator-size-gfx=262144"
Player connection [8940] Host "[IP] 192.168.43.40 [Port] 0 [Flags] 2 [Guid] 1598146266 [EditorId] 1598146266 [Version] 1048832 [Id] WindowsEditor(7,DESKTOP-OU0JL4L) [Debug] 1 [PackageName] WindowsEditor [ProjectName] Editor" joined multi-casting on [225.0.0.222:54997]...

Player connection [8940] Host "[IP] 192.168.43.40 [Port] 0 [Flags] 2 [Guid] 1598146266 [EditorId] 1598146266 [Version] 1048832 [Id] WindowsEditor(7,DESKTOP-OU0JL4L) [Debug] 1 [PackageName] WindowsEditor [ProjectName] Editor" joined alternative multi-casting on [225.0.0.222:34997]...

Refreshing native plugins compatible for Editor in 103.93 ms, found 3 plugins.
Preloading 0 native plugins for Editor in 0.00 ms.
Initialize engine version: 2021.3.25f1 (68ef2c4f8861)
[Subsystems] Discovering subsystems at path C:/Program Files/Unity 2021.3.25f1/Editor/Data/Resources/UnitySubsystems
[Subsystems] Discovering subsystems at path C:/Z_Unity/SecondZombieP1/Assets
GfxDevice: creating device client; threaded=0; jobified=0
Direct3D:
    Version:  Direct3D 11.0 [level 11.0]
    Renderer: NVIDIA GeForce MX130 (ID=0x174d)
    Vendor:   NVIDIA
    VRAM:     2010 MB
    Driver:   30.0.15.1169
Initialize mono
Mono path[0] = 'C:/Program Files/Unity 2021.3.25f1/Editor/Data/Managed'
Mono path[1] = 'C:/Program Files/Unity 2021.3.25f1/Editor/Data/MonoBleedingEdge/lib/mono/unityjit-win32'
Mono config path = 'C:/Program Files/Unity 2021.3.25f1/Editor/Data/MonoBleedingEdge/etc'
Using monoOptions --debugger-agent=transport=dt_socket,embedding=1,server=y,suspend=n,address=127.0.0.1:56748
Begin MonoManager ReloadAssembly
Registering precompiled unity dll's ...
Register platform support module: C:/Program Files/Unity 2021.3.25f1/Editor/Data/PlaybackEngines/WebGLSupport/UnityEditor.WebGL.Extensions.dll
Register platform support module: C:/Program Files/Unity 2021.3.25f1/Editor/Data/PlaybackEngines/AndroidPlayer/UnityEditor.Android.Extensions.dll
Register platform support module: C:/Program Files/Unity 2021.3.25f1/Editor/Data/PlaybackEngines/WindowsStandaloneSupport/UnityEditor.WindowsStandalone.Extensions.dll
Registered in 0.007410 seconds.
Native extension for WindowsStandalone target not found
Native extension for Android target not found
Native extension for WebGL target not found
Refreshing native plugins compatible for Editor in 104.18 ms, found 3 plugins.
Preloading 0 native plugins for Editor in 0.00 ms.
Mono: successfully reloaded assembly
- Completed reload, in  0.870 seconds
Domain Reload Profiling:
	ReloadAssembly (871ms)
		BeginReloadAssembly (107ms)
			ExecutionOrderSort (0ms)
			DisableScriptedObjects (0ms)
			BackupInstance (0ms)
			ReleaseScriptingObjects (0ms)
			CreateAndSetChildDomain (1ms)
		EndReloadAssembly (640ms)
			LoadAssemblies (103ms)
			RebuildTransferFunctionScriptingTraits (0ms)
			SetupTypeCache (162ms)
			ReleaseScriptCaches (0ms)
			RebuildScriptCaches (39ms)
			SetupLoadedEditorAssemblies (376ms)
				LogAssemblyErrors (0ms)
				InitializePlatformSupportModulesInManaged (99ms)
				SetLoadedEditorAssemblies (0ms)
				RefreshPlugins (104ms)
				BeforeProcessingInitializeOnLoad (2ms)
				ProcessInitializeOnLoadAttributes (115ms)
				ProcessInitializeOnLoadMethodAttributes (54ms)
				AfterProcessingInitializeOnLoad (0ms)
				EditorAssembliesLoaded (0ms)
			ExecutionOrderSort2 (0ms)
			AwakeInstancesAfterBackupRestoration (0ms)
Platform modules already initialized, skipping
Registering precompiled user dll's ...
Registered in 0.008946 seconds.
Begin MonoManager ReloadAssembly
Symbol file LoadedFromMemory doesn't match image C:\Z_Unity\SecondZombieP1\Library\PackageCache\com.unity.visualscripting@1.8.0\Editor\VisualScripting.Core\Dependencies\YamlDotNet\Unity.VisualScripting.YamlDotNet.dll
Symbol file LoadedFromMemory doesn't match image C:\Z_Unity\SecondZombieP1\Library\PackageCache\com.unity.visualscripting@1.8.0\Editor\VisualScripting.Core\Dependencies\DotNetZip\Unity.VisualScripting.IonicZip.dll
Native extension for WindowsStandalone target not found
Native extension for Android target not found
Native extension for WebGL target not found
Refreshing native plugins compatible for Editor in 0.77 ms, found 3 plugins.
Preloading 0 native plugins for Editor in 0.00 ms.
Mono: successfully reloaded assembly
- Completed reload, in  4.173 seconds
Domain Reload Profiling:
	ReloadAssembly (4174ms)
		BeginReloadAssembly (154ms)
			ExecutionOrderSort (0ms)
			DisableScriptedObjects (7ms)
			BackupInstance (0ms)
			ReleaseScriptingObjects (0ms)
			CreateAndSetChildDomain (26ms)
		EndReloadAssembly (3709ms)
			LoadAssemblies (1723ms)
			RebuildTransferFunctionScriptingTraits (0ms)
			SetupTypeCache (379ms)
			ReleaseScriptCaches (1ms)
			RebuildScriptCaches (84ms)
			SetupLoadedEditorAssemblies (1479ms)
				LogAssemblyErrors (0ms)
				InitializePlatformSupportModulesInManaged (27ms)
				SetLoadedEditorAssemblies (1ms)
				RefreshPlugins (1ms)
				BeforeProcessingInitializeOnLoad (104ms)
				ProcessInitializeOnLoadAttributes (1311ms)
				ProcessInitializeOnLoadMethodAttributes (25ms)
				AfterProcessingInitializeOnLoad (11ms)
				EditorAssembliesLoaded (0ms)
			ExecutionOrderSort2 (0ms)
			AwakeInstancesAfterBackupRestoration (8ms)
Platform modules already initialized, skipping
========================================================================
Worker process is ready to serve import requests
Launched and connected shader compiler UnityShaderCompiler.exe after 0.06 seconds
Refreshing native plugins compatible for Editor in 0.92 ms, found 3 plugins.
Preloading 0 native plugins for Editor in 0.00 ms.
Unloading 3269 Unused Serialized files (Serialized files now loaded: 0)
Unloading 35 unused Assets / (405.6 KB). Loaded Objects now: 3746.
Memory consumption went from 146.4 MB to 146.0 MB.
Total: 3.724700 ms (FindLiveObjects: 0.319700 ms CreateObjectMapping: 0.275400 ms MarkObjects: 3.054500 ms  DeleteObjects: 0.074100 ms)

AssetImportParameters requested are different than current active one (requested -> active):
  custom:video-decoder-ogg-theora: a1e56fd34408186e4bbccfd4996cb3dc -> 
  custom:container-muxer-webm: aa71ff27fc2769a1b78a27578f13a17b -> 
  custom:container-demuxer-webm: 4f35f7cbe854078d1ac9338744f61a02 -> 
  custom:video-encoder-webm-vp8: eb34c28f22e8b96e1ab97ce403110664 -> 
  custom:video-codec-MediaFoundation-h265: 746d11721c4dcdbdad8f713fa42b33f4 -> 
  custom:audio-encoder-webm-vorbis: bf7c407c2cedff20999df2af8eb42d56 -> 
  custom:framework-win-MediaFoundation: 216162199b28c13a410421893ffa2e32 -> 
  custom:container-demuxer-ogg: 62fdf1f143b41e24485cea50d1cbac27 -> 
  custom:video-decoder-webm-vp8: 9c59270c3fd7afecdb556c50c9e8de78 -> 
  custom:audio-decoder-ogg-vorbis: bf7c407c2cedff20999df2af8eb42d56 -> 
========================================================================
Received Import Request.
  Time since last request: 10672.412071 seconds.
  path: Assets/Scenes/Enemy.prefab
  artifactKey: Guid(514b7b734ba8c0f4caa88622215d934c) Importer(815301076,1909f56bfc062723c751e8b465ee728b)
Start importing Assets/Scenes/Enemy.prefab using Guid(514b7b734ba8c0f4caa88622215d934c) Importer(815301076,1909f56bfc062723c751e8b465ee728b)  -> (artifact id: '00000000000000000000000000000000') in 6.983264 seconds  code(4) message(Build asset version error: assets/scenes/enemy.prefab in SourceAssetDB has modification time of '2024-01-04T13:54:14.320261Z' while content on disk has modification time of '0001-01-01T00:00:00Z' with error code 2
Stacktrace:
0x00007ff6ec56f3bd (Unity) StackWalker::GetCurrentCallstack
0x00007ff6ec575f79 (Unity) StackWalker::ShowCallstack
0x00007ff6ed512323 (Unity) GetStacktrace
0x00007ff6ed8b5894 (Unity) GetAssetHashAndValidate
0x00007ff6ed8b0df8 (Unity) AssetVersionBuilder::BuildHashOfSourceAssetArray
0x00007ff6ed8aeb9c (Unity) AssetVersionBuilder::BuildAssetVersion
0x00007ff6ed833f14 (Unity) CreateAssetVersionBuilder
0x00007ff6ed83aa16 (Unity) ImportToObjects
0x00007ff6ed839743 (Unity) ImportAsset
0x00007ff6ed85c7e1 (Unity) AssetImportWorker::Import
0x00007ff6ed8c6878 (Unity) <lambda_b2420ec5ba262cbc5a49f56b4db03b86>::operator()
0x00007ff6ed906c62 (Unity) asio::detail::completion_handler<core::mutable_function<void __cdecl(void)>,asio::io_context::basic_executor_type<std::allocator<void>,0> >::do_complete
0x00007ff6ed8f2b4e (Unity) asio::detail::win_iocp_io_context::do_one
0x00007ff6ed8f47b4 (Unity) asio::detail::win_iocp_io_context::run
0x00007ff6ed90504e (Unity) IOService::Run
0x00007ff6ed8d775f (Unity) AssetImportWorkerClient::Run
0x00007ff6ed89fd63 (Unity) RunAssetImportWorkerClientV2
0x00007ff6ed89fdeb (Unity) RunAssetImporterV2
0x00007ff6ed0b7288 (Unity) Application::InitializeProject
0x00007ff6ed51ca88 (Unity) WinMain
0x00007ff6ee8fccfe (Unity) __scrt_common_main_seh
0x00007ff8ff6d257d (KERNEL32) BaseThreadInitThunk
0x00007ff900b4aa68 (ntdll) RtlUserThreadStart
)
  ERROR: Build asset version error: assets/scenes/enemy.prefab in SourceAssetDB has modification time of '2024-01-04T13:54:14.320261Z' while content on disk has modification time of '0001-01-01T00:00:00Z' with error code 2
Stacktrace:
0x00007ff6ec56f3bd (Unity) StackWalker::GetCurrentCallstack
0x00007ff6ec575f79 (Unity) StackWalker::ShowCallstack
0x00007ff6ed512323 (Unity) GetStacktrace
0x00007ff6ed8b5894 (Unity) GetAssetHashAndValidate
0x00007ff6ed8b0df8 (Unity) AssetVersionBuilder::BuildHashOfSourceAssetArray
0x00007ff6ed8aeb9c (Unity) AssetVersionBuilder::BuildAssetVersion
0x00007ff6ed833f14 (Unity) CreateAssetVersionBuilder
0x00007ff6ed83aa16 (Unity) ImportToObjects
0x00007ff6ed839743 (Unity) ImportAsset
0x00007ff6ed85c7e1 (Unity) AssetImportWorker::Import
0x00007ff6ed8c6878 (Unity) <lambda_b2420ec5ba262cbc5a49f56b4db03b86>::operator()
0x00007ff6ed906c62 (Unity) asio::detail::completion_handler<core::mutable_function<void __cdecl(void)>,asio::io_context::basic_executor_type<std::allocator<void>,0> >::do_complete
0x00007ff6ed8f2b4e (Unity) asio::detail::win_iocp_io_context::do_one
0x00007ff6ed8f47b4 (Unity) asio::detail::win_iocp_io_context::run
0x00007ff6ed90504e (Unity) IOService::Run
0x00007ff6ed8d775f (Unity) AssetImportWorkerClient::Run
0x00007ff6ed89fd63 (Unity) RunAssetImportWorkerClientV2
0x00007ff6ed89fdeb (Unity) RunAssetImporterV2
0x00007ff6ed0b7288 (Unity) Application::InitializeProject
0x00007ff6ed51ca88 (Unity) WinMain
0x00007ff6ee8fccfe (Unity) __scrt_common_main_seh
0x00007ff8ff6d257d (KERNEL32) BaseThreadInitThunk
0x00007ff900b4aa68 (ntdll) RtlUserThreadStart

========================================================================
Received Import Request.
  Time since last request: 0.000042 seconds.
  path: Assets/PlasmaExplosionEffect.prefab
  artifactKey: Guid(eca8936fc19985142821747cd2f479cd) Importer(815301076,1909f56bfc062723c751e8b465ee728b)
Start importing Assets/PlasmaExplosionEffect.prefab using Guid(eca8936fc19985142821747cd2f479cd) Importer(815301076,1909f56bfc062723c751e8b465ee728b)  -> (artifact id: '3e66200af04a503fc14165a5c2134588') in 1.444485 seconds 
========================================================================
Received Import Request.
  Time since last request: 0.000039 seconds.
  path: Assets/BulletImpactStoneEffect.prefab
  artifactKey: Guid(9ec2b75abcaa1f84d81d6b03b1d25b45) Importer(815301076,1909f56bfc062723c751e8b465ee728b)
Start importing Assets/BulletImpactStoneEffect.prefab using Guid(9ec2b75abcaa1f84d81d6b03b1d25b45) Importer(815301076,1909f56bfc062723c751e8b465ee728b)  -> (artifact id: '350c229533a199a4ffa6a8ec75ed06e8') in 1.369863 seconds 
========================================================================
Received Import Request.
  Time since last request: 25.366446 seconds.
  path: Assets/_GhoulZombie/Ghoul.prefab
  artifactKey: Guid(227ee07e9e5b7914ba8fbb8f430be9a5) Importer(815301076,1909f56bfc062723c751e8b465ee728b)
Start importing Assets/_GhoulZombie/Ghoul.prefab using Guid(227ee07e9e5b7914ba8fbb8f430be9a5) Importer(815301076,1909f56bfc062723c751e8b465ee728b)  -> (artifact id: '4e6219eb0486c957a1597e793772afab') in 0.073343 seconds 
========================================================================
Received Import Request.
  Time since last request: 0.000024 seconds.
  path: Assets/_GhoulZombie/Ghoul_Volume4_metalness.png
  artifactKey: Guid(f7bd4adfab4d5844c8366c32947d5c97) Importer(815301076,1909f56bfc062723c751e8b465ee728b)
Start importing Assets/_GhoulZombie/Ghoul_Volume4_metalness.png using Guid(f7bd4adfab4d5844c8366c32947d5c97) Importer(815301076,1909f56bfc062723c751e8b465ee728b)  -> (artifact id: 'd70c126b65cdbb0a05b5301ef5a73692') in 0.465820 seconds 
========================================================================
Received Import Request.
  Time since last request: 0.000032 seconds.
  path: Assets/_GhoulZombie/Ghoul_Volume4_nmap.png
  artifactKey: Guid(a2d6e635b41117a4a95cf5f6b465717a) Importer(815301076,1909f56bfc062723c751e8b465ee728b)
Start importing Assets/_GhoulZombie/Ghoul_Volume4_nmap.png using Guid(a2d6e635b41117a4a95cf5f6b465717a) Importer(815301076,1909f56bfc062723c751e8b465ee728b)  -> (artifact id: '66f6b927cbc0475c604f35fe3ddbe79f') in 0.301792 seconds 
========================================================================
Received Import Request.
  Time since last request: 0.000022 seconds.
  path: Assets/_GhoulZombie/Ghoul_Volume4_gloss.png
  artifactKey: Guid(047a953b8df09e64b97dd542316e9c9c) Importer(815301076,1909f56bfc062723c751e8b465ee728b)
Start importing Assets/_GhoulZombie/Ghoul_Volume4_gloss.png using Guid(047a953b8df09e64b97dd542316e9c9c) Importer(815301076,1909f56bfc062723c751e8b465ee728b)  -> (artifact id: '8816380b647d011cbe6445ed7f02b06e') in 0.223406 seconds 
========================================================================
Received Import Request.
  Time since last request: 0.000031 seconds.
  path: Assets/_GhoulZombie/GhoulMaterial.mat
  artifactKey: Guid(7e013ff2514571042a1ac03d3b6f9eef) Importer(815301076,1909f56bfc062723c751e8b465ee728b)
Start importing Assets/_GhoulZombie/GhoulMaterial.mat using Guid(7e013ff2514571042a1ac03d3b6f9eef) Importer(815301076,1909f56bfc062723c751e8b465ee728b)  -> (artifact id: 'b6e5761e9c9691092168800d8fee9011') in 0.246545 seconds 
========================================================================
Received Import Request.
  Time since last request: 0.000022 seconds.
  path: Assets/_GhoulZombie/Ghoul_Volume4_color.png
  artifactKey: Guid(7307144979bf7df459af1937d7a73ace) Importer(815301076,1909f56bfc062723c751e8b465ee728b)
Start importing Assets/_GhoulZombie/Ghoul_Volume4_color.png using Guid(7307144979bf7df459af1937d7a73ace) Importer(815301076,1909f56bfc062723c751e8b465ee728b)  -> (artifact id: '3b2a045896e1f2e6afc9cb2dfe0c20b8') in 0.081104 seconds 
========================================================================
Received Import Request.
  Time since last request: 0.912060 seconds.
  path: Assets/Animation/Ghoul@Animations.fbx
  artifactKey: Guid(5447e4c244a5d0c4c837a3e60ae7a21d) Importer(815301076,1909f56bfc062723c751e8b465ee728b)
Start importing Assets/Animation/Ghoul@Animations.fbx using Guid(5447e4c244a5d0c4c837a3e60ae7a21d) Importer(815301076,1909f56bfc062723c751e8b465ee728b)  -> (artifact id: '9f5b289ad3406ebdf6a18cb883699fac') in 0.151195 seconds 
========================================================================
Received Import Request.
  Time since last request: 17.001881 seconds.
  path: Assets/Standard Assets
  artifactKey: Guid(0d70cdb57988f994999ff97a471559ce) Importer(815301076,1909f56bfc062723c751e8b465ee728b)
Start importing Assets/Standard Assets using Guid(0d70cdb57988f994999ff97a471559ce) Importer(815301076,1909f56bfc062723c751e8b465ee728b)  -> (artifact id: '748d7dd80b6a053f0eb15ecac2e457c4') in 0.010683 seconds 
========================================================================
Received Import Request.
  Time since last request: 78.886978 seconds.
  path: Assets/Scenes/BackGround.prefab
  artifactKey: Guid(480308f696846754bb57812285c5ef75) Importer(815301076,1909f56bfc062723c751e8b465ee728b)
Start importing Assets/Scenes/BackGround.prefab using Guid(480308f696846754bb57812285c5ef75) Importer(815301076,1909f56bfc062723c751e8b465ee728b)  -> (artifact id: '217bc6de5260f07060ae21d9d3a53459') in 0.018627 seconds 
========================================================================
Received Import Request.
  Time since last request: 0.000028 seconds.
  path: Assets/Scenes/Enemy.prefab
  artifactKey: Guid(514b7b734ba8c0f4caa88622215d934c) Importer(815301076,1909f56bfc062723c751e8b465ee728b)
Start importing Assets/Scenes/Enemy.prefab using Guid(514b7b734ba8c0f4caa88622215d934c) Importer(815301076,1909f56bfc062723c751e8b465ee728b)  -> (artifact id: '652f14d2520817b938dd8103c296331b') in 0.105772 seconds 
========================================================================
Received Import Request.
  Time since last request: 0.000032 seconds.
  path: Assets/Scenes/Player.prefab
  artifactKey: Guid(2a5791e18b4f73c4cb059918aec3db4e) Importer(815301076,1909f56bfc062723c751e8b465ee728b)
Start importing Assets/Scenes/Player.prefab using Guid(2a5791e18b4f73c4cb059918aec3db4e) Importer(815301076,1909f56bfc062723c751e8b465ee728b)  -> (artifact id: '08604449364f00c4046c764cd27511ac') in 4.264091 seconds 
========================================================================
Received Import Request.
  Time since last request: 54.992031 seconds.
  path: Assets/Scenes/SCENE1.1
  artifactKey: Guid(40b62205d3d6cc94d8a1ffa759587879) Importer(815301076,1909f56bfc062723c751e8b465ee728b)
Start importing Assets/Scenes/SCENE1.1 using Guid(40b62205d3d6cc94d8a1ffa759587879) Importer(815301076,1909f56bfc062723c751e8b465ee728b)  -> (artifact id: 'c4f87c2ea84cd0742c44f7c50540c6cb') in 0.010891 seconds 
========================================================================
Received Import Request.
  Time since last request: 20.678127 seconds.
  path: Assets/Scenes/SCENE1.1/Health_Canvas.prefab
  artifactKey: Guid(c18442cc75117cd4aaf44c6736c145cc) Importer(815301076,1909f56bfc062723c751e8b465ee728b)
Start importing Assets/Scenes/SCENE1.1/Health_Canvas.prefab using Guid(c18442cc75117cd4aaf44c6736c145cc) Importer(815301076,1909f56bfc062723c751e8b465ee728b)  -> (artifact id: 'c5d4d4a150149e4e20993bb9a6a1d6a0') in 0.121928 seconds 
========================================================================
Received Import Request.
  Time since last request: 0.131565 seconds.
  path: Assets/Scenes/SCENE1.1/Ammo_Canvas Variant.prefab
  artifactKey: Guid(b97b812c9ab05d943904183114ddf5b2) Importer(815301076,1909f56bfc062723c751e8b465ee728b)
Start importing Assets/Scenes/SCENE1.1/Ammo_Canvas Variant.prefab using Guid(b97b812c9ab05d943904183114ddf5b2) Importer(815301076,1909f56bfc062723c751e8b465ee728b)  -> (artifact id: 'e0918fdd002d59cf05e843582f73674e') in 0.036506 seconds 
========================================================================
Received Import Request.
  Time since last request: 0.000028 seconds.
  path: Assets/Scenes/SCENE1.1/Enemy Variant.prefab
  artifactKey: Guid(b325e0b97bef9124db5054ab50aae5b2) Importer(815301076,1909f56bfc062723c751e8b465ee728b)
Start importing Assets/Scenes/SCENE1.1/Enemy Variant.prefab using Guid(b325e0b97bef9124db5054ab50aae5b2) Importer(815301076,1909f56bfc062723c751e8b465ee728b)  -> (artifact id: '2d731cf313c5f0957c3d12da6de0f95b') in 0.136160 seconds 
========================================================================
Received Import Request.
  Time since last request: 0.000076 seconds.
  path: Assets/Scenes/SCENE1.1/Player Variant.prefab
  artifactKey: Guid(410c3e9a8481f124d90ef3cd7421046e) Importer(815301076,1909f56bfc062723c751e8b465ee728b)
Start importing Assets/Scenes/SCENE1.1/Player Variant.prefab using Guid(410c3e9a8481f124d90ef3cd7421046e) Importer(815301076,1909f56bfc062723c751e8b465ee728b)  -> (artifact id: 'b7d383d3157c932e0928c20d20a8c920') in 0.103792 seconds 
========================================================================
Received Import Request.
  Time since last request: 7.704631 seconds.
  path: Assets/Scenes/LEVEL1.1.unity
  artifactKey: Guid(a5b76c57baa3a20418f286e0c2116167) Importer(815301076,1909f56bfc062723c751e8b465ee728b)
Start importing Assets/Scenes/LEVEL1.1.unity using Guid(a5b76c57baa3a20418f286e0c2116167) Importer(815301076,1909f56bfc062723c751e8b465ee728b)  -> (artifact id: 'd3af5d0d6b99caa5b0d27f7d7541b122') in 0.011349 seconds 
========================================================================
Received Import Request.
  Time since last request: 35.804563 seconds.
  path: Assets/Scenes/SCENE1.1/New Lighting Settings.lighting
  artifactKey: Guid(23df2b7ab3c918540a1a028f039729d0) Importer(815301076,1909f56bfc062723c751e8b465ee728b)
Start importing Assets/Scenes/SCENE1.1/New Lighting Settings.lighting using Guid(23df2b7ab3c918540a1a028f039729d0) Importer(815301076,1909f56bfc062723c751e8b465ee728b)  -> (artifact id: 'fc9342dbdfa0dcfef5eb3aa85162d8d5') in 0.028766 seconds 
========================================================================
Received Import Request.
  Time since last request: 9.551847 seconds.
  path: Assets/UnityTechnologies/EffectExamples/WeaponEffects/Materials/WoodSplintersParticle.mat
  artifactKey: Guid(fd8ebe3c7242d364bae68f1548ae70bf) Importer(815301076,1909f56bfc062723c751e8b465ee728b)
Start importing Assets/UnityTechnologies/EffectExamples/WeaponEffects/Materials/WoodSplintersParticle.mat using Guid(fd8ebe3c7242d364bae68f1548ae70bf) Importer(815301076,1909f56bfc062723c751e8b465ee728b)  -> (artifact id: 'e50dad8c8329f813d173dea79b002cef') in 0.475964 seconds 
========================================================================
Received Import Request.
  Time since last request: 3.225042 seconds.
  path: Assets/UnityTechnologies/EffectExamples/WaterEffects/Materials/WaterTrailParticle.mat
  artifactKey: Guid(2cf2d564c8b1c7a469f8711c96c0efaa) Importer(815301076,1909f56bfc062723c751e8b465ee728b)
Start importing Assets/UnityTechnologies/EffectExamples/WaterEffects/Materials/WaterTrailParticle.mat using Guid(2cf2d564c8b1c7a469f8711c96c0efaa) Importer(815301076,1909f56bfc062723c751e8b465ee728b)  -> (artifact id: 'eb5b2a975ecc23b8b78601456f7e159c') in 0.157677 seconds 
========================================================================
Received Import Request.
  Time since last request: 1.131382 seconds.
  path: Assets/UnityTechnologies/EffectExamples/WeaponEffects/Textures/WaterSplashParticle.mat
  artifactKey: Guid(b96fa6813686d9d4f844ead1ff3f9f64) Importer(815301076,1909f56bfc062723c751e8b465ee728b)
Start importing Assets/UnityTechnologies/EffectExamples/WeaponEffects/Textures/WaterSplashParticle.mat using Guid(b96fa6813686d9d4f844ead1ff3f9f64) Importer(815301076,1909f56bfc062723c751e8b465ee728b)  -> (artifact id: '9385b80c6fd51af289bfcaa7dd2c4c8c') in 0.109379 seconds 
========================================================================
Received Import Request.
  Time since last request: 2.584607 seconds.
  path: Assets/UnityTechnologies/EffectExamples/WaterEffects/Materials/WaterMistParticle.mat
  artifactKey: Guid(d0cac5b586ffc5541841ef1580df871c) Importer(815301076,1909f56bfc062723c751e8b465ee728b)
Start importing Assets/UnityTechnologies/EffectExamples/WaterEffects/Materials/WaterMistParticle.mat using Guid(d0cac5b586ffc5541841ef1580df871c) Importer(815301076,1909f56bfc062723c751e8b465ee728b)  -> (artifact id: '0b0a5a832adac381026dad57f17df81d') in 0.135853 seconds 
========================================================================
Received Import Request.
  Time since last request: 3.653292 seconds.
  path: Assets/UnityTechnologies/EffectExamples/WaterEffects/Materials/StormCloudParticle.mat
  artifactKey: Guid(6ed8795ca1a3b714ea3f3d7a204afb7a) Importer(815301076,1909f56bfc062723c751e8b465ee728b)
Start importing Assets/UnityTechnologies/EffectExamples/WaterEffects/Materials/StormCloudParticle.mat using Guid(6ed8795ca1a3b714ea3f3d7a204afb7a) Importer(815301076,1909f56bfc062723c751e8b465ee728b)  -> (artifact id: 'e39573e7d0cbe5ebcb3cd03a990caa5c') in 0.421999 seconds 
========================================================================
Received Import Request.
  Time since last request: 15.133501 seconds.
  path: Assets/Scenes/LEVEL1.unity
  artifactKey: Guid(9fc0d4010bbf28b4594072e72b8655ab) Importer(815301076,1909f56bfc062723c751e8b465ee728b)
Start importing Assets/Scenes/LEVEL1.unity using Guid(9fc0d4010bbf28b4594072e72b8655ab) Importer(815301076,1909f56bfc062723c751e8b465ee728b)  -> (artifact id: 'fb120b3efde6d063b6aad8cf942580e1') in 0.025009 seconds 
========================================================================
Received Import Request.
  Time since last request: 1.917561 seconds.
  path: Assets/Scenes/LEVEL1.1.unity
  artifactKey: Guid(a5b76c57baa3a20418f286e0c2116167) Importer(815301076,1909f56bfc062723c751e8b465ee728b)
Start importing Assets/Scenes/LEVEL1.1.unity using Guid(a5b76c57baa3a20418f286e0c2116167) Importer(815301076,1909f56bfc062723c751e8b465ee728b)  -> (artifact id: 'dfc494b6444617d45ebf9ecac5d1c17b') in 0.003765 seconds 
========================================================================
Received Import Request.
  Time since last request: 250.186347 seconds.
  path: Assets/WEBGL_SCENE
  artifactKey: Guid(589ca0165481cdc418facb42e60faf3a) Importer(815301076,1909f56bfc062723c751e8b465ee728b)
Start importing Assets/WEBGL_SCENE using Guid(589ca0165481cdc418facb42e60faf3a) Importer(815301076,1909f56bfc062723c751e8b465ee728b)  -> (artifact id: '14322c0a5ce968ba68d0797b14fe8d62') in 0.022154 seconds 
========================================================================
Received Import Request.
  Time since last request: 28.122997 seconds.
  path: Assets/WEBGL_SCENE/MainMenu.unity
  artifactKey: Guid(c6249943cfa061f40bbf403b43a6be64) Importer(815301076,1909f56bfc062723c751e8b465ee728b)
Start importing Assets/WEBGL_SCENE/MainMenu.unity using Guid(c6249943cfa061f40bbf403b43a6be64) Importer(815301076,1909f56bfc062723c751e8b465ee728b)  -> (artifact id: 'a1252a2e2ca9765d780c1e623920da76') in 0.021242 seconds 
========================================================================
Received Import Request.
  Time since last request: 4.180061 seconds.
  path: Assets/WEBGL_SCENE/AfterDeath.unity
  artifactKey: Guid(7dff080737463614c9575a09ec321266) Importer(815301076,1909f56bfc062723c751e8b465ee728b)
Start importing Assets/WEBGL_SCENE/AfterDeath.unity using Guid(7dff080737463614c9575a09ec321266) Importer(815301076,1909f56bfc062723c751e8b465ee728b)  -> (artifact id: '64c831f0f6041690377ab5125d6b33b4') in 0.021519 seconds 
========================================================================
Received Import Request.
  Time since last request: 3.457396 seconds.
  path: Assets/WEBGL_SCENE/AfterDeath1.1.unity
  artifactKey: Guid(7dff080737463614c9575a09ec321266) Importer(815301076,1909f56bfc062723c751e8b465ee728b)
Start importing Assets/WEBGL_SCENE/AfterDeath1.1.unity using Guid(7dff080737463614c9575a09ec321266) Importer(815301076,1909f56bfc062723c751e8b465ee728b)  -> (artifact id: 'ab5a5a3b2b27a264a7cb16ada0ba9286') in 0.012188 seconds 
========================================================================
Received Import Request.
  Time since last request: 6.057584 seconds.
  path: Assets/WEBGL_SCENE/MainMenu1.1.unity
  artifactKey: Guid(c6249943cfa061f40bbf403b43a6be64) Importer(815301076,1909f56bfc062723c751e8b465ee728b)
Start importing Assets/WEBGL_SCENE/MainMenu1.1.unity using Guid(c6249943cfa061f40bbf403b43a6be64) Importer(815301076,1909f56bfc062723c751e8b465ee728b)  -> (artifact id: '6fd8ea6134234362acc62b7969d04117') in 0.009751 seconds 
========================================================================
Received Import Request.
  Time since last request: 461.523944 seconds.
  path: Assets/WEBGL_SCENE/AfterDeath1.1.unity
  artifactKey: Guid(7dff080737463614c9575a09ec321266) Importer(815301076,1909f56bfc062723c751e8b465ee728b)
Start importing Assets/WEBGL_SCENE/AfterDeath1.1.unity using Guid(7dff080737463614c9575a09ec321266) Importer(815301076,1909f56bfc062723c751e8b465ee728b)  -> (artifact id: 'cd6133c18e9b014b678bfbb000a17061') in 0.003355 seconds 
========================================================================
Received Import Request.
  Time since last request: 15.037168 seconds.
  path: Assets/Script/ButtonControoler Script/ButtonCOntroller.cs
  artifactKey: Guid(a652239731e758d40a0ecc9f4fd9da22) Importer(815301076,1909f56bfc062723c751e8b465ee728b)
Start importing Assets/Script/ButtonControoler Script/ButtonCOntroller.cs using Guid(a652239731e758d40a0ecc9f4fd9da22) Importer(815301076,1909f56bfc062723c751e8b465ee728b)  -> (artifact id: '8bda0062e6ab0e3e664fa3146bef2886') in 0.056302 seconds 
========================================================================
Received Import Request.
  Time since last request: 31.309245 seconds.
  path: Assets/WEBGL_SCENE/LEVEL1.1.unity
  artifactKey: Guid(a5b76c57baa3a20418f286e0c2116167) Importer(815301076,1909f56bfc062723c751e8b465ee728b)
Start importing Assets/WEBGL_SCENE/LEVEL1.1.unity using Guid(a5b76c57baa3a20418f286e0c2116167) Importer(815301076,1909f56bfc062723c751e8b465ee728b)  -> (artifact id: '5161add037d66085431f299a84bd5412') in 0.003577 seconds 
========================================================================
Received Prepare
Registering precompiled user dll's ...
Registered in 0.015692 seconds.
Begin MonoManager ReloadAssembly
Symbol file LoadedFromMemory doesn't match image C:\Z_Unity\SecondZombieP1\Library\PackageCache\com.unity.visualscripting@1.8.0\Editor\VisualScripting.Core\Dependencies\YamlDotNet\Unity.VisualScripting.YamlDotNet.dll
Symbol file LoadedFromMemory doesn't match image C:\Z_Unity\SecondZombieP1\Library\PackageCache\com.unity.visualscripting@1.8.0\Editor\VisualScripting.Core\Dependencies\DotNetZip\Unity.VisualScripting.IonicZip.dll
Native extension for WindowsStandalone target not found
Native extension for Android target not found
Native extension for WebGL target not found
Refreshing native plugins compatible for Editor in 0.68 ms, found 3 plugins.
Preloading 0 native plugins for Editor in 0.00 ms.
Mono: successfully reloaded assembly
- Completed reload, in  1.423 seconds
Domain Reload Profiling:
	ReloadAssembly (1424ms)
		BeginReloadAssembly (181ms)
			ExecutionOrderSort (0ms)
			DisableScriptedObjects (5ms)
			BackupInstance (0ms)
			ReleaseScriptingObjects (0ms)
			CreateAndSetChildDomain (47ms)
		EndReloadAssembly (1098ms)
			LoadAssemblies (123ms)
			RebuildTransferFunctionScriptingTraits (0ms)
			SetupTypeCache (410ms)
			ReleaseScriptCaches (1ms)
			RebuildScriptCaches (53ms)
			SetupLoadedEditorAssemblies (457ms)
				LogAssemblyErrors (0ms)
				InitializePlatformSupportModulesInManaged (43ms)
				SetLoadedEditorAssemblies (1ms)
				RefreshPlugins (1ms)
				BeforeProcessingInitializeOnLoad (89ms)
				ProcessInitializeOnLoadAttributes (281ms)
				ProcessInitializeOnLoadMethodAttributes (28ms)
				AfterProcessingInitializeOnLoad (14ms)
				EditorAssembliesLoaded (1ms)
			ExecutionOrderSort2 (0ms)
			AwakeInstancesAfterBackupRestoration (9ms)
Platform modules already initialized, skipping
Refreshing native plugins compatible for Editor in 3.71 ms, found 3 plugins.
Preloading 0 native plugins for Editor in 0.00 ms.
Unloading 3220 Unused Serialized files (Serialized files now loaded: 0)
Unloading 33 unused Assets / (171.7 KB). Loaded Objects now: 3798.
Memory consumption went from 155.0 MB to 154.8 MB.
Total: 8.809200 ms (FindLiveObjects: 0.973400 ms CreateObjectMapping: 0.628700 ms MarkObjects: 6.592100 ms  DeleteObjects: 0.609900 ms)

AssetImportParameters requested are different than current active one (requested -> active):
  custom:video-decoder-ogg-theora: a1e56fd34408186e4bbccfd4996cb3dc -> 
  custom:container-muxer-webm: aa71ff27fc2769a1b78a27578f13a17b -> 
  custom:container-demuxer-webm: 4f35f7cbe854078d1ac9338744f61a02 -> 
  custom:video-encoder-webm-vp8: eb34c28f22e8b96e1ab97ce403110664 -> 
  custom:video-codec-MediaFoundation-h265: 746d11721c4dcdbdad8f713fa42b33f4 -> 
  custom:audio-encoder-webm-vorbis: bf7c407c2cedff20999df2af8eb42d56 -> 
  custom:framework-win-MediaFoundation: 216162199b28c13a410421893ffa2e32 -> 
  custom:container-demuxer-ogg: 62fdf1f143b41e24485cea50d1cbac27 -> 
  custom:video-decoder-webm-vp8: 9c59270c3fd7afecdb556c50c9e8de78 -> 
  custom:audio-decoder-ogg-vorbis: bf7c407c2cedff20999df2af8eb42d56 -> 
========================================================================
Received Prepare
Registering precompiled user dll's ...
Registered in 0.014862 seconds.
Begin MonoManager ReloadAssembly
Symbol file LoadedFromMemory doesn't match image C:\Z_Unity\SecondZombieP1\Library\PackageCache\com.unity.visualscripting@1.8.0\Editor\VisualScripting.Core\Dependencies\YamlDotNet\Unity.VisualScripting.YamlDotNet.dll
Symbol file LoadedFromMemory doesn't match image C:\Z_Unity\SecondZombieP1\Library\PackageCache\com.unity.visualscripting@1.8.0\Editor\VisualScripting.Core\Dependencies\DotNetZip\Unity.VisualScripting.IonicZip.dll
Native extension for WindowsStandalone target not found
Native extension for Android target not found
Native extension for WebGL target not found
Refreshing native plugins compatible for Editor in 0.97 ms, found 3 plugins.
Preloading 0 native plugins for Editor in 0.00 ms.
Mono: successfully reloaded assembly
- Completed reload, in  1.894 seconds
Domain Reload Profiling:
	ReloadAssembly (1896ms)
		BeginReloadAssembly (343ms)
			ExecutionOrderSort (0ms)
			DisableScriptedObjects (13ms)
			BackupInstance (0ms)
			ReleaseScriptingObjects (0ms)
			CreateAndSetChildDomain (83ms)
		EndReloadAssembly (1317ms)
			LoadAssemblies (240ms)
			RebuildTransferFunctionScriptingTraits (0ms)
			SetupTypeCache (505ms)
			ReleaseScriptCaches (2ms)
			RebuildScriptCaches (62ms)
			SetupLoadedEditorAssemblies (491ms)
				LogAssemblyErrors (0ms)
				InitializePlatformSupportModulesInManaged (37ms)
				SetLoadedEditorAssemblies (1ms)
				RefreshPlugins (1ms)
				BeforeProcessingInitializeOnLoad (113ms)
				ProcessInitializeOnLoadAttributes (295ms)
				ProcessInitializeOnLoadMethodAttributes (31ms)
				AfterProcessingInitializeOnLoad (13ms)
				EditorAssembliesLoaded (0ms)
			ExecutionOrderSort2 (0ms)
			AwakeInstancesAfterBackupRestoration (10ms)
Platform modules already initialized, skipping
Refreshing native plugins compatible for Editor in 2.75 ms, found 3 plugins.
Preloading 0 native plugins for Editor in 0.00 ms.
Unloading 3220 Unused Serialized files (Serialized files now loaded: 0)
Unloading 29 unused Assets / (169.9 KB). Loaded Objects now: 3801.
Memory consumption went from 155.0 MB to 154.8 MB.
Total: 3.631700 ms (FindLiveObjects: 0.308400 ms CreateObjectMapping: 0.195200 ms MarkObjects: 3.034200 ms  DeleteObjects: 0.092400 ms)

AssetImportParameters requested are different than current active one (requested -> active):
  custom:video-decoder-ogg-theora: a1e56fd34408186e4bbccfd4996cb3dc -> 
  custom:container-muxer-webm: aa71ff27fc2769a1b78a27578f13a17b -> 
  custom:container-demuxer-webm: 4f35f7cbe854078d1ac9338744f61a02 -> 
  custom:video-encoder-webm-vp8: eb34c28f22e8b96e1ab97ce403110664 -> 
  custom:video-codec-MediaFoundation-h265: 746d11721c4dcdbdad8f713fa42b33f4 -> 
  custom:audio-encoder-webm-vorbis: bf7c407c2cedff20999df2af8eb42d56 -> 
  custom:framework-win-MediaFoundation: 216162199b28c13a410421893ffa2e32 -> 
  custom:container-demuxer-ogg: 62fdf1f143b41e24485cea50d1cbac27 -> 
  custom:video-decoder-webm-vp8: 9c59270c3fd7afecdb556c50c9e8de78 -> 
  custom:audio-decoder-ogg-vorbis: bf7c407c2cedff20999df2af8eb42d56 -> 
========================================================================
Received Import Request.
  Time since last request: 248.936094 seconds.
  path: Assets/WEBGL_SCENE/MainMenu1.1.unity
  artifactKey: Guid(c6249943cfa061f40bbf403b43a6be64) Importer(815301076,1909f56bfc062723c751e8b465ee728b)
Start importing Assets/WEBGL_SCENE/MainMenu1.1.unity using Guid(c6249943cfa061f40bbf403b43a6be64) Importer(815301076,1909f56bfc062723c751e8b465ee728b)  -> (artifact id: 'b47c02e9789de7298243f16f141ed827') in 0.008760 seconds 
========================================================================
Received Prepare
Registering precompiled user dll's ...
Registered in 0.009128 seconds.
Begin MonoManager ReloadAssembly
Symbol file LoadedFromMemory doesn't match image C:\Z_Unity\SecondZombieP1\Library\PackageCache\com.unity.visualscripting@1.8.0\Editor\VisualScripting.Core\Dependencies\YamlDotNet\Unity.VisualScripting.YamlDotNet.dll
Symbol file LoadedFromMemory doesn't match image C:\Z_Unity\SecondZombieP1\Library\PackageCache\com.unity.visualscripting@1.8.0\Editor\VisualScripting.Core\Dependencies\DotNetZip\Unity.VisualScripting.IonicZip.dll
Native extension for WindowsStandalone target not found
Native extension for Android target not found
Native extension for WebGL target not found
Refreshing native plugins compatible for Editor in 0.60 ms, found 3 plugins.
Preloading 0 native plugins for Editor in 0.00 ms.
Mono: successfully reloaded assembly
- Completed reload, in  1.552 seconds
Domain Reload Profiling:
	ReloadAssembly (1553ms)
		BeginReloadAssembly (187ms)
			ExecutionOrderSort (0ms)
			DisableScriptedObjects (7ms)
			BackupInstance (0ms)
			ReleaseScriptingObjects (0ms)
			CreateAndSetChildDomain (44ms)
		EndReloadAssembly (1224ms)
			LoadAssemblies (128ms)
			RebuildTransferFunctionScriptingTraits (0ms)
			SetupTypeCache (395ms)
			ReleaseScriptCaches (2ms)
			RebuildScriptCaches (73ms)
			SetupLoadedEditorAssemblies (564ms)
				LogAssemblyErrors (0ms)
				InitializePlatformSupportModulesInManaged (32ms)
				SetLoadedEditorAssemblies (1ms)
				RefreshPlugins (1ms)
				BeforeProcessingInitializeOnLoad (100ms)
				ProcessInitializeOnLoadAttributes (375ms)
				ProcessInitializeOnLoadMethodAttributes (40ms)
				AfterProcessingInitializeOnLoad (15ms)
				EditorAssembliesLoaded (0ms)
			ExecutionOrderSort2 (0ms)
			AwakeInstancesAfterBackupRestoration (12ms)
Platform modules already initialized, skipping
Refreshing native plugins compatible for Editor in 2.26 ms, found 3 plugins.
Preloading 0 native plugins for Editor in 0.00 ms.
Unloading 3220 Unused Serialized files (Serialized files now loaded: 0)
Unloading 29 unused Assets / (170.0 KB). Loaded Objects now: 3804.
Memory consumption went from 155.0 MB to 154.8 MB.
Total: 4.138400 ms (FindLiveObjects: 0.295000 ms CreateObjectMapping: 0.293100 ms MarkObjects: 3.491100 ms  DeleteObjects: 0.057800 ms)

AssetImportParameters requested are different than current active one (requested -> active):
  custom:video-decoder-ogg-theora: a1e56fd34408186e4bbccfd4996cb3dc -> 
  custom:container-muxer-webm: aa71ff27fc2769a1b78a27578f13a17b -> 
  custom:container-demuxer-webm: 4f35f7cbe854078d1ac9338744f61a02 -> 
  custom:video-encoder-webm-vp8: eb34c28f22e8b96e1ab97ce403110664 -> 
  custom:video-codec-MediaFoundation-h265: 746d11721c4dcdbdad8f713fa42b33f4 -> 
  custom:audio-encoder-webm-vorbis: bf7c407c2cedff20999df2af8eb42d56 -> 
  custom:framework-win-MediaFoundation: 216162199b28c13a410421893ffa2e32 -> 
  custom:container-demuxer-ogg: 62fdf1f143b41e24485cea50d1cbac27 -> 
  custom:video-decoder-webm-vp8: 9c59270c3fd7afecdb556c50c9e8de78 -> 
  custom:audio-decoder-ogg-vorbis: bf7c407c2cedff20999df2af8eb42d56 -> 
========================================================================
Received Prepare
Registering precompiled user dll's ...
Registered in 0.009417 seconds.
Begin MonoManager ReloadAssembly
Symbol file LoadedFromMemory doesn't match image C:\Z_Unity\SecondZombieP1\Library\PackageCache\com.unity.visualscripting@1.8.0\Editor\VisualScripting.Core\Dependencies\YamlDotNet\Unity.VisualScripting.YamlDotNet.dll
Symbol file LoadedFromMemory doesn't match image C:\Z_Unity\SecondZombieP1\Library\PackageCache\com.unity.visualscripting@1.8.0\Editor\VisualScripting.Core\Dependencies\DotNetZip\Unity.VisualScripting.IonicZip.dll
Native extension for WindowsStandalone target not found
Native extension for Android target not found
Native extension for WebGL target not found
Refreshing native plugins compatible for Editor in 0.86 ms, found 3 plugins.
Preloading 0 native plugins for Editor in 0.00 ms.
Mono: successfully reloaded assembly
- Completed reload, in  2.023 seconds
Domain Reload Profiling:
	ReloadAssembly (2025ms)
		BeginReloadAssembly (242ms)
			ExecutionOrderSort (0ms)
			DisableScriptedObjects (8ms)
			BackupInstance (0ms)
			ReleaseScriptingObjects (0ms)
			CreateAndSetChildDomain (57ms)
		EndReloadAssembly (1629ms)
			LoadAssemblies (164ms)
			RebuildTransferFunctionScriptingTraits (0ms)
			SetupTypeCache (476ms)
			ReleaseScriptCaches (3ms)
			RebuildScriptCaches (98ms)
			SetupLoadedEditorAssemblies (757ms)
				LogAssemblyErrors (0ms)
				InitializePlatformSupportModulesInManaged (50ms)
				SetLoadedEditorAssemblies (1ms)
				RefreshPlugins (1ms)
				BeforeProcessingInitializeOnLoad (147ms)
				ProcessInitializeOnLoadAttributes (476ms)
				ProcessInitializeOnLoadMethodAttributes (56ms)
				AfterProcessingInitializeOnLoad (24ms)
				EditorAssembliesLoaded (1ms)
			ExecutionOrderSort2 (0ms)
			AwakeInstancesAfterBackupRestoration (21ms)
Platform modules already initialized, skipping
Refreshing native plugins compatible for Editor in 4.01 ms, found 3 plugins.
Preloading 0 native plugins for Editor in 0.00 ms.
Unloading 3220 Unused Serialized files (Serialized files now loaded: 0)
Unloading 29 unused Assets / (169.9 KB). Loaded Objects now: 3807.
Memory consumption went from 155.0 MB to 154.8 MB.
Total: 4.964000 ms (FindLiveObjects: 0.424400 ms CreateObjectMapping: 0.416000 ms MarkObjects: 4.029200 ms  DeleteObjects: 0.092600 ms)

AssetImportParameters requested are different than current active one (requested -> active):
  custom:video-decoder-ogg-theora: a1e56fd34408186e4bbccfd4996cb3dc -> 
  custom:container-muxer-webm: aa71ff27fc2769a1b78a27578f13a17b -> 
  custom:container-demuxer-webm: 4f35f7cbe854078d1ac9338744f61a02 -> 
  custom:video-encoder-webm-vp8: eb34c28f22e8b96e1ab97ce403110664 -> 
  custom:video-codec-MediaFoundation-h265: 746d11721c4dcdbdad8f713fa42b33f4 -> 
  custom:audio-encoder-webm-vorbis: bf7c407c2cedff20999df2af8eb42d56 -> 
  custom:framework-win-MediaFoundation: 216162199b28c13a410421893ffa2e32 -> 
  custom:container-demuxer-ogg: 62fdf1f143b41e24485cea50d1cbac27 -> 
  custom:video-decoder-webm-vp8: 9c59270c3fd7afecdb556c50c9e8de78 -> 
  custom:audio-decoder-ogg-vorbis: bf7c407c2cedff20999df2af8eb42d56 -> 
========================================================================
Received Prepare
Registering precompiled user dll's ...
Registered in 0.009444 seconds.
Begin MonoManager ReloadAssembly
Symbol file LoadedFromMemory doesn't match image C:\Z_Unity\SecondZombieP1\Library\PackageCache\com.unity.visualscripting@1.8.0\Editor\VisualScripting.Core\Dependencies\YamlDotNet\Unity.VisualScripting.YamlDotNet.dll
Symbol file LoadedFromMemory doesn't match image C:\Z_Unity\SecondZombieP1\Library\PackageCache\com.unity.visualscripting@1.8.0\Editor\VisualScripting.Core\Dependencies\DotNetZip\Unity.VisualScripting.IonicZip.dll
Native extension for WindowsStandalone target not found
Native extension for Android target not found
Native extension for WebGL target not found
Refreshing native plugins compatible for Editor in 1.48 ms, found 3 plugins.
Preloading 0 native plugins for Editor in 0.00 ms.
Mono: successfully reloaded assembly
- Completed reload, in  2.508 seconds
Domain Reload Profiling:
	ReloadAssembly (2510ms)
		BeginReloadAssembly (307ms)
			ExecutionOrderSort (0ms)
			DisableScriptedObjects (14ms)
			BackupInstance (0ms)
			ReleaseScriptingObjects (0ms)
			CreateAndSetChildDomain (70ms)
		EndReloadAssembly (1983ms)
			LoadAssemblies (220ms)
			RebuildTransferFunctionScriptingTraits (0ms)
			SetupTypeCache (700ms)
			ReleaseScriptCaches (2ms)
			RebuildScriptCaches (108ms)
			SetupLoadedEditorAssemblies (826ms)
				LogAssemblyErrors (0ms)
				InitializePlatformSupportModulesInManaged (59ms)
				SetLoadedEditorAssemblies (1ms)
				RefreshPlugins (2ms)
				BeforeProcessingInitializeOnLoad (176ms)
				ProcessInitializeOnLoadAttributes (505ms)
				ProcessInitializeOnLoadMethodAttributes (55ms)
				AfterProcessingInitializeOnLoad (27ms)
				EditorAssembliesLoaded (0ms)
			ExecutionOrderSort2 (0ms)
			AwakeInstancesAfterBackupRestoration (22ms)
Platform modules already initialized, skipping
Refreshing native plugins compatible for Editor in 2.21 ms, found 3 plugins.
Preloading 0 native plugins for Editor in 0.00 ms.
Unloading 3220 Unused Serialized files (Serialized files now loaded: 0)
Unloading 29 unused Assets / (169.9 KB). Loaded Objects now: 3810.
Memory consumption went from 155.0 MB to 154.8 MB.
Total: 3.680100 ms (FindLiveObjects: 0.273600 ms CreateObjectMapping: 0.169100 ms MarkObjects: 3.128700 ms  DeleteObjects: 0.107600 ms)

AssetImportParameters requested are different than current active one (requested -> active):
  custom:video-decoder-ogg-theora: a1e56fd34408186e4bbccfd4996cb3dc -> 
  custom:container-muxer-webm: aa71ff27fc2769a1b78a27578f13a17b -> 
  custom:container-demuxer-webm: 4f35f7cbe854078d1ac9338744f61a02 -> 
  custom:video-encoder-webm-vp8: eb34c28f22e8b96e1ab97ce403110664 -> 
  custom:video-codec-MediaFoundation-h265: 746d11721c4dcdbdad8f713fa42b33f4 -> 
  custom:audio-encoder-webm-vorbis: bf7c407c2cedff20999df2af8eb42d56 -> 
  custom:framework-win-MediaFoundation: 216162199b28c13a410421893ffa2e32 -> 
  custom:container-demuxer-ogg: 62fdf1f143b41e24485cea50d1cbac27 -> 
  custom:video-decoder-webm-vp8: 9c59270c3fd7afecdb556c50c9e8de78 -> 
  custom:audio-decoder-ogg-vorbis: bf7c407c2cedff20999df2af8eb42d56 -> 
========================================================================
Received Prepare
Registering precompiled user dll's ...
Registered in 0.010841 seconds.
Begin MonoManager ReloadAssembly
Symbol file LoadedFromMemory doesn't match image C:\Z_Unity\SecondZombieP1\Library\PackageCache\com.unity.visualscripting@1.8.0\Editor\VisualScripting.Core\Dependencies\YamlDotNet\Unity.VisualScripting.YamlDotNet.dll
Symbol file LoadedFromMemory doesn't match image C:\Z_Unity\SecondZombieP1\Library\PackageCache\com.unity.visualscripting@1.8.0\Editor\VisualScripting.Core\Dependencies\DotNetZip\Unity.VisualScripting.IonicZip.dll
Native extension for WindowsStandalone target not found
Native extension for Android target not found
Native extension for WebGL target not found
Refreshing native plugins compatible for Editor in 0.71 ms, found 3 plugins.
Preloading 0 native plugins for Editor in 0.00 ms.
Mono: successfully reloaded assembly
- Completed reload, in  1.311 seconds
Domain Reload Profiling:
	ReloadAssembly (1311ms)
		BeginReloadAssembly (178ms)
			ExecutionOrderSort (0ms)
			DisableScriptedObjects (6ms)
			BackupInstance (0ms)
			ReleaseScriptingObjects (0ms)
			CreateAndSetChildDomain (40ms)
		EndReloadAssembly (1005ms)
			LoadAssemblies (147ms)
			RebuildTransferFunctionScriptingTraits (0ms)
			SetupTypeCache (367ms)
			ReleaseScriptCaches (1ms)
			RebuildScriptCaches (57ms)
			SetupLoadedEditorAssemblies (401ms)
				LogAssemblyErrors (0ms)
				InitializePlatformSupportModulesInManaged (33ms)
				SetLoadedEditorAssemblies (1ms)
				RefreshPlugins (1ms)
				BeforeProcessingInitializeOnLoad (82ms)
				ProcessInitializeOnLoadAttributes (244ms)
				ProcessInitializeOnLoadMethodAttributes (23ms)
				AfterProcessingInitializeOnLoad (17ms)
				EditorAssembliesLoaded (0ms)
			ExecutionOrderSort2 (0ms)
			AwakeInstancesAfterBackupRestoration (8ms)
Platform modules already initialized, skipping
Refreshing native plugins compatible for Editor in 2.14 ms, found 3 plugins.
Preloading 0 native plugins for Editor in 0.00 ms.
Unloading 3220 Unused Serialized files (Serialized files now loaded: 0)
Unloading 29 unused Assets / (169.9 KB). Loaded Objects now: 3813.
Memory consumption went from 155.0 MB to 154.8 MB.
Total: 3.271400 ms (FindLiveObjects: 0.361800 ms CreateObjectMapping: 0.222100 ms MarkObjects: 2.613200 ms  DeleteObjects: 0.072600 ms)

AssetImportParameters requested are different than current active one (requested -> active):
  custom:video-decoder-ogg-theora: a1e56fd34408186e4bbccfd4996cb3dc -> 
  custom:container-muxer-webm: aa71ff27fc2769a1b78a27578f13a17b -> 
  custom:container-demuxer-webm: 4f35f7cbe854078d1ac9338744f61a02 -> 
  custom:video-encoder-webm-vp8: eb34c28f22e8b96e1ab97ce403110664 -> 
  custom:video-codec-MediaFoundation-h265: 746d11721c4dcdbdad8f713fa42b33f4 -> 
  custom:audio-encoder-webm-vorbis: bf7c407c2cedff20999df2af8eb42d56 -> 
  custom:framework-win-MediaFoundation: 216162199b28c13a410421893ffa2e32 -> 
  custom:container-demuxer-ogg: 62fdf1f143b41e24485cea50d1cbac27 -> 
  custom:video-decoder-webm-vp8: 9c59270c3fd7afecdb556c50c9e8de78 -> 
  custom:audio-decoder-ogg-vorbis: bf7c407c2cedff20999df2af8eb42d56 -> 
========================================================================
Received Prepare
Refreshing native plugins compatible for Editor in 4.83 ms, found 3 plugins.
Preloading 0 native plugins for Editor in 0.00 ms.
Unloading 29 Unused Serialized files (Serialized files now loaded: 0)
Unloading 29 unused Assets / (167.0 KB). Loaded Objects now: 3813.
Memory consumption went from 91.1 MB to 91.0 MB.
Total: 3.723600 ms (FindLiveObjects: 0.265700 ms CreateObjectMapping: 0.169500 ms MarkObjects: 3.234500 ms  DeleteObjects: 0.053100 ms)

AssetImportParameters requested are different than current active one (requested -> active):
  custom:video-decoder-ogg-theora: a1e56fd34408186e4bbccfd4996cb3dc -> 
  custom:container-muxer-webm: aa71ff27fc2769a1b78a27578f13a17b -> 
  custom:container-demuxer-webm: 4f35f7cbe854078d1ac9338744f61a02 -> 
  custom:video-encoder-webm-vp8: eb34c28f22e8b96e1ab97ce403110664 -> 
  custom:video-codec-MediaFoundation-h265: 746d11721c4dcdbdad8f713fa42b33f4 -> 
  custom:audio-encoder-webm-vorbis: bf7c407c2cedff20999df2af8eb42d56 -> 
  custom:framework-win-MediaFoundation: 216162199b28c13a410421893ffa2e32 -> 
  custom:container-demuxer-ogg: 62fdf1f143b41e24485cea50d1cbac27 -> 
  custom:video-decoder-webm-vp8: 9c59270c3fd7afecdb556c50c9e8de78 -> 
  custom:audio-decoder-ogg-vorbis: bf7c407c2cedff20999df2af8eb42d56 -> 
