Using pre-set license
Built from '2021.3/staging' branch; Version is '2021.3.25f1 (68ef2c4f8861) revision 6876972'; Using compiler version '192829333'; Build Type 'Release'
OS: 'Windows 11  (10.0.22621) 64bit CoreSingleLanguage' Language: 'en' Physical Memory: 8070 MB
BatchMode: 1, IsHumanControllingUs: 0, StartBugReporterOnCrash: 0, Is64bit: 1, IsPro: 1

COMMAND LINE ARGUMENTS:
C:\Program Files\Unity 2021.3.25f1\Editor\Unity.exe
-adb2
-batchMode
-noUpm
-name
AssetImportWorker6
-projectPath
C:/Z_Unity/AR 1st p
-logFile
Logs/AssetImportWorker6.log
-srvPort
52330
Successfully changed project path to: C:/Z_Unity/AR 1st p
C:/Z_Unity/AR 1st p
[UnityMemory] Configuration Parameters - Can be set up in boot.config
    "memorysetup-bucket-allocator-granularity=16"
    "memorysetup-bucket-allocator-bucket-count=8"
    "memorysetup-bucket-allocator-block-size=33554432"
    "memorysetup-bucket-allocator-block-count=8"
    "memorysetup-main-allocator-block-size=16777216"
    "memorysetup-thread-allocator-block-size=16777216"
    "memorysetup-gfx-main-allocator-block-size=16777216"
    "memorysetup-gfx-thread-allocator-block-size=16777216"
    "memorysetup-cache-allocator-block-size=4194304"
    "memorysetup-typetree-allocator-block-size=2097152"
    "memorysetup-profiler-bucket-allocator-granularity=16"
    "memorysetup-profiler-bucket-allocator-bucket-count=8"
    "memorysetup-profiler-bucket-allocator-block-size=33554432"
    "memorysetup-profiler-bucket-allocator-block-count=8"
    "memorysetup-profiler-allocator-block-size=16777216"
    "memorysetup-profiler-editor-allocator-block-size=1048576"
    "memorysetup-temp-allocator-size-main=16777216"
    "memorysetup-job-temp-allocator-block-size=2097152"
    "memorysetup-job-temp-allocator-block-size-background=1048576"
    "memorysetup-job-temp-allocator-reduction-small-platforms=262144"
    "memorysetup-temp-allocator-size-background-worker=32768"
    "memorysetup-temp-allocator-size-job-worker=262144"
    "memorysetup-temp-allocator-size-preload-manager=33554432"
    "memorysetup-temp-allocator-size-nav-mesh-worker=65536"
    "memorysetup-temp-allocator-size-audio-worker=65536"
    "memorysetup-temp-allocator-size-cloud-worker=32768"
    "memorysetup-temp-allocator-size-gi-baking-worker=262144"
    "memorysetup-temp-allocator-size-gfx=262144"
Player connection [3176] Host "[IP] 192.168.43.40 [Port] 0 [Flags] 2 [Guid] 4042048698 [EditorId] 4042048698 [Version] 1048832 [Id] WindowsEditor(7,DESKTOP-OU0JL4L) [Debug] 1 [PackageName] WindowsEditor [ProjectName] Editor" joined multi-casting on [225.0.0.222:54997]...

Player connection [3176] Host "[IP] 192.168.43.40 [Port] 0 [Flags] 2 [Guid] 4042048698 [EditorId] 4042048698 [Version] 1048832 [Id] WindowsEditor(7,DESKTOP-OU0JL4L) [Debug] 1 [PackageName] WindowsEditor [ProjectName] Editor" joined alternative multi-casting on [225.0.0.222:34997]...

Refreshing native plugins compatible for Editor in 146.62 ms, found 10 plugins.
Preloading 0 native plugins for Editor in 0.00 ms.
Initialize engine version: 2021.3.25f1 (68ef2c4f8861)
[Subsystems] Discovering subsystems at path C:/Program Files/Unity 2021.3.25f1/Editor/Data/Resources/UnitySubsystems
[Subsystems] Discovering subsystems at path C:/Z_Unity/AR 1st p/Assets
GfxDevice: creating device client; threaded=0; jobified=0
Direct3D:
    Version:  Direct3D 11.0 [level 11.1]
    Renderer: Intel(R) UHD Graphics 620 (ID=0x5917)
    Vendor:   Intel
    VRAM:     4035 MB
    Driver:   26.20.100.7372
Initialize mono
Mono path[0] = 'C:/Program Files/Unity 2021.3.25f1/Editor/Data/Managed'
Mono path[1] = 'C:/Program Files/Unity 2021.3.25f1/Editor/Data/MonoBleedingEdge/lib/mono/unityjit-win32'
Mono config path = 'C:/Program Files/Unity 2021.3.25f1/Editor/Data/MonoBleedingEdge/etc'
Using monoOptions --debugger-agent=transport=dt_socket,embedding=1,server=y,suspend=n,address=127.0.0.1:56368
Begin MonoManager ReloadAssembly
Registering precompiled unity dll's ...
Register platform support module: C:/Program Files/Unity 2021.3.25f1/Editor/Data/PlaybackEngines/AndroidPlayer/UnityEditor.Android.Extensions.dll
Register platform support module: C:/Program Files/Unity 2021.3.25f1/Editor/Data/PlaybackEngines/WindowsStandaloneSupport/UnityEditor.WindowsStandalone.Extensions.dll
Registered in 0.008411 seconds.
Native extension for WindowsStandalone target not found
Native extension for Android target not found
Refreshing native plugins compatible for Editor in 127.72 ms, found 10 plugins.
Preloading 0 native plugins for Editor in 0.00 ms.
Mono: successfully reloaded assembly
- Completed reload, in  0.939 seconds
Domain Reload Profiling:
	ReloadAssembly (940ms)
		BeginReloadAssembly (113ms)
			ExecutionOrderSort (0ms)
			DisableScriptedObjects (0ms)
			BackupInstance (0ms)
			ReleaseScriptingObjects (0ms)
			CreateAndSetChildDomain (1ms)
		EndReloadAssembly (692ms)
			LoadAssemblies (112ms)
			RebuildTransferFunctionScriptingTraits (0ms)
			SetupTypeCache (162ms)
			ReleaseScriptCaches (0ms)
			RebuildScriptCaches (37ms)
			SetupLoadedEditorAssemblies (419ms)
				LogAssemblyErrors (0ms)
				InitializePlatformSupportModulesInManaged (104ms)
				SetLoadedEditorAssemblies (0ms)
				RefreshPlugins (128ms)
				BeforeProcessingInitializeOnLoad (1ms)
				ProcessInitializeOnLoadAttributes (122ms)
				ProcessInitializeOnLoadMethodAttributes (63ms)
				AfterProcessingInitializeOnLoad (0ms)
				EditorAssembliesLoaded (0ms)
			ExecutionOrderSort2 (0ms)
			AwakeInstancesAfterBackupRestoration (0ms)
Platform modules already initialized, skipping
Registering precompiled user dll's ...
Registered in 0.014189 seconds.
Begin MonoManager ReloadAssembly
Symbol file LoadedFromMemory doesn't match image C:\Z_Unity\AR 1st p\Library\PackageCache\com.unity.visualscripting@1.8.0\Editor\VisualScripting.Core\Dependencies\DotNetZip\Unity.VisualScripting.IonicZip.dll
Symbol file LoadedFromMemory doesn't match image C:\Z_Unity\AR 1st p\Library\PackageCache\com.unity.visualscripting@1.8.0\Editor\VisualScripting.Core\Dependencies\YamlDotNet\Unity.VisualScripting.YamlDotNet.dll
Native extension for WindowsStandalone target not found
Native extension for Android target not found
Refreshing native plugins compatible for Editor in 148.33 ms, found 10 plugins.
Preloading 0 native plugins for Editor in 0.00 ms.
Package Manager log level set to [2]
Mono: successfully reloaded assembly
- Completed reload, in  2.378 seconds
Domain Reload Profiling:
	ReloadAssembly (2379ms)
		BeginReloadAssembly (158ms)
			ExecutionOrderSort (0ms)
			DisableScriptedObjects (7ms)
			BackupInstance (0ms)
			ReleaseScriptingObjects (0ms)
			CreateAndSetChildDomain (25ms)
		EndReloadAssembly (2057ms)
			LoadAssemblies (142ms)
			RebuildTransferFunctionScriptingTraits (0ms)
			SetupTypeCache (423ms)
			ReleaseScriptCaches (3ms)
			RebuildScriptCaches (87ms)
			SetupLoadedEditorAssemblies (1327ms)
				LogAssemblyErrors (0ms)
				InitializePlatformSupportModulesInManaged (31ms)
				SetLoadedEditorAssemblies (0ms)
				RefreshPlugins (148ms)
				BeforeProcessingInitializeOnLoad (192ms)
				ProcessInitializeOnLoadAttributes (865ms)
				ProcessInitializeOnLoadMethodAttributes (24ms)
				AfterProcessingInitializeOnLoad (66ms)
				EditorAssembliesLoaded (0ms)
			ExecutionOrderSort2 (0ms)
			AwakeInstancesAfterBackupRestoration (8ms)
Platform modules already initialized, skipping
========================================================================
Worker process is ready to serve import requests
Launched and connected shader compiler UnityShaderCompiler.exe after 0.29 seconds
Refreshing native plugins compatible for Editor in 1.12 ms, found 10 plugins.
Preloading 0 native plugins for Editor in 0.00 ms.
Unloading 4246 Unused Serialized files (Serialized files now loaded: 0)
Unloading 51 unused Assets / (305.0 KB). Loaded Objects now: 4688.
Memory consumption went from 152.9 MB to 152.6 MB.
Total: 5.068200 ms (FindLiveObjects: 0.535300 ms CreateObjectMapping: 0.509500 ms MarkObjects: 3.912600 ms  DeleteObjects: 0.109900 ms)

AssetImportParameters requested are different than current active one (requested -> active):
  custom:video-decoder-ogg-theora: a1e56fd34408186e4bbccfd4996cb3dc -> 
  custom:container-muxer-webm: aa71ff27fc2769a1b78a27578f13a17b -> 
  custom:container-demuxer-webm: 4f35f7cbe854078d1ac9338744f61a02 -> 
  custom:video-encoder-webm-vp8: eb34c28f22e8b96e1ab97ce403110664 -> 
  custom:video-codec-MediaFoundation-h265: 746d11721c4dcdbdad8f713fa42b33f4 -> 
  custom:audio-encoder-webm-vorbis: bf7c407c2cedff20999df2af8eb42d56 -> 
  custom:framework-win-MediaFoundation: 216162199b28c13a410421893ffa2e32 -> 
  custom:container-demuxer-ogg: 62fdf1f143b41e24485cea50d1cbac27 -> 
  custom:video-decoder-webm-vp8: 9c59270c3fd7afecdb556c50c9e8de78 -> 
  custom:audio-decoder-ogg-vorbis: bf7c407c2cedff20999df2af8eb42d56 -> 
========================================================================
Received Import Request.
  Time since last request: 11966.466071 seconds.
  path: Assets/XR/XRGeneralSettings.asset
  artifactKey: Guid(58f40b12bbc864f3c96c6505a9a1e1e3) Importer(815301076,1909f56bfc062723c751e8b465ee728b)
Start importing Assets/XR/XRGeneralSettings.asset using Guid(58f40b12bbc864f3c96c6505a9a1e1e3) Importer(815301076,1909f56bfc062723c751e8b465ee728b)  -> (artifact id: 'f268b537ed77de31aa2b6b70d955dbc1') in 0.269359 seconds 
========================================================================
Received Import Request.
  Time since last request: 12.896221 seconds.
  path: Assets/ExampleAssets/Prefabs/ARPlane.prefab
  artifactKey: Guid(3738bd65ede154463b2c35064b9e5fdb) Importer(815301076,1909f56bfc062723c751e8b465ee728b)
Start importing Assets/ExampleAssets/Prefabs/ARPlane.prefab using Guid(3738bd65ede154463b2c35064b9e5fdb) Importer(815301076,1909f56bfc062723c751e8b465ee728b)  -> (artifact id: '486aa4e59fadedc246e0233795cc1612') in 0.072222 seconds 
========================================================================
Received Prepare
Registering precompiled user dll's ...
Registered in 0.012853 seconds.
Begin MonoManager ReloadAssembly
Symbol file LoadedFromMemory doesn't match image C:\Z_Unity\AR 1st p\Library\PackageCache\com.unity.visualscripting@1.8.0\Editor\VisualScripting.Core\Dependencies\DotNetZip\Unity.VisualScripting.IonicZip.dll
Symbol file LoadedFromMemory doesn't match image C:\Z_Unity\AR 1st p\Library\PackageCache\com.unity.visualscripting@1.8.0\Editor\VisualScripting.Core\Dependencies\YamlDotNet\Unity.VisualScripting.YamlDotNet.dll
Native extension for WindowsStandalone target not found
Native extension for Android target not found
Refreshing native plugins compatible for Editor in 0.98 ms, found 10 plugins.
Preloading 0 native plugins for Editor in 0.00 ms.
Mono: successfully reloaded assembly
- Completed reload, in  9.251 seconds
Domain Reload Profiling:
	ReloadAssembly (9252ms)
		BeginReloadAssembly (2410ms)
			ExecutionOrderSort (0ms)
			DisableScriptedObjects (5ms)
			BackupInstance (0ms)
			ReleaseScriptingObjects (0ms)
			CreateAndSetChildDomain (49ms)
		EndReloadAssembly (6413ms)
			LoadAssemblies (6706ms)
			RebuildTransferFunctionScriptingTraits (0ms)
			SetupTypeCache (364ms)
			ReleaseScriptCaches (2ms)
			RebuildScriptCaches (49ms)
			SetupLoadedEditorAssemblies (959ms)
				LogAssemblyErrors (0ms)
				InitializePlatformSupportModulesInManaged (26ms)
				SetLoadedEditorAssemblies (1ms)
				RefreshPlugins (1ms)
				BeforeProcessingInitializeOnLoad (546ms)
				ProcessInitializeOnLoadAttributes (343ms)
				ProcessInitializeOnLoadMethodAttributes (30ms)
				AfterProcessingInitializeOnLoad (11ms)
				EditorAssembliesLoaded (0ms)
			ExecutionOrderSort2 (0ms)
			AwakeInstancesAfterBackupRestoration (7ms)
Platform modules already initialized, skipping
Refreshing native plugins compatible for Editor in 794.61 ms, found 10 plugins.
Preloading 0 native plugins for Editor in 0.00 ms.
Unloading 4223 Unused Serialized files (Serialized files now loaded: 0)
Unloading 41 unused Assets / (43.4 KB). Loaded Objects now: 4694.
Memory consumption went from 151.3 MB to 151.2 MB.
Total: 5.126400 ms (FindLiveObjects: 0.519300 ms CreateObjectMapping: 0.293600 ms MarkObjects: 4.232200 ms  DeleteObjects: 0.080200 ms)

AssetImportParameters requested are different than current active one (requested -> active):
  custom:video-decoder-ogg-theora: a1e56fd34408186e4bbccfd4996cb3dc -> 
  custom:container-muxer-webm: aa71ff27fc2769a1b78a27578f13a17b -> 
  custom:container-demuxer-webm: 4f35f7cbe854078d1ac9338744f61a02 -> 
  custom:video-encoder-webm-vp8: eb34c28f22e8b96e1ab97ce403110664 -> 
  custom:video-codec-MediaFoundation-h265: 746d11721c4dcdbdad8f713fa42b33f4 -> 
  custom:audio-encoder-webm-vorbis: bf7c407c2cedff20999df2af8eb42d56 -> 
  custom:framework-win-MediaFoundation: 216162199b28c13a410421893ffa2e32 -> 
  custom:container-demuxer-ogg: 62fdf1f143b41e24485cea50d1cbac27 -> 
  custom:video-decoder-webm-vp8: 9c59270c3fd7afecdb556c50c9e8de78 -> 
  custom:audio-decoder-ogg-vorbis: bf7c407c2cedff20999df2af8eb42d56 -> 
========================================================================
Received Import Request.
  Time since last request: 370.006139 seconds.
  path: Assets/arcon.cs
  artifactKey: Guid(20d5cbcd309bd284ebaa0696a1380c8d) Importer(815301076,1909f56bfc062723c751e8b465ee728b)
Start importing Assets/arcon.cs using Guid(20d5cbcd309bd284ebaa0696a1380c8d) Importer(815301076,1909f56bfc062723c751e8b465ee728b)  -> (artifact id: 'a8a053eec90a6ca4d83d37c72f08ecd1') in 0.473221 seconds 
========================================================================
Received Prepare
Registering precompiled user dll's ...
Registered in 0.034220 seconds.
Begin MonoManager ReloadAssembly
Symbol file LoadedFromMemory doesn't match image C:\Z_Unity\AR 1st p\Library\PackageCache\com.unity.visualscripting@1.8.0\Editor\VisualScripting.Core\Dependencies\DotNetZip\Unity.VisualScripting.IonicZip.dll
Symbol file LoadedFromMemory doesn't match image C:\Z_Unity\AR 1st p\Library\PackageCache\com.unity.visualscripting@1.8.0\Editor\VisualScripting.Core\Dependencies\YamlDotNet\Unity.VisualScripting.YamlDotNet.dll
Native extension for WindowsStandalone target not found
Native extension for Android target not found
Refreshing native plugins compatible for Editor in 1.07 ms, found 10 plugins.
Preloading 0 native plugins for Editor in 0.00 ms.
Mono: successfully reloaded assembly
- Completed reload, in  1.677 seconds
Domain Reload Profiling:
	ReloadAssembly (1678ms)
		BeginReloadAssembly (208ms)
			ExecutionOrderSort (0ms)
			DisableScriptedObjects (6ms)
			BackupInstance (0ms)
			ReleaseScriptingObjects (0ms)
			CreateAndSetChildDomain (54ms)
		EndReloadAssembly (1331ms)
			LoadAssemblies (149ms)
			RebuildTransferFunctionScriptingTraits (0ms)
			SetupTypeCache (413ms)
			ReleaseScriptCaches (2ms)
			RebuildScriptCaches (53ms)
			SetupLoadedEditorAssemblies (560ms)
				LogAssemblyErrors (0ms)
				InitializePlatformSupportModulesInManaged (29ms)
				SetLoadedEditorAssemblies (1ms)
				RefreshPlugins (1ms)
				BeforeProcessingInitializeOnLoad (125ms)
				ProcessInitializeOnLoadAttributes (355ms)
				ProcessInitializeOnLoadMethodAttributes (34ms)
				AfterProcessingInitializeOnLoad (16ms)
				EditorAssembliesLoaded (0ms)
			ExecutionOrderSort2 (0ms)
			AwakeInstancesAfterBackupRestoration (10ms)
Platform modules already initialized, skipping
Refreshing native plugins compatible for Editor in 7.98 ms, found 10 plugins.
Preloading 0 native plugins for Editor in 0.00 ms.
Unloading 4223 Unused Serialized files (Serialized files now loaded: 0)
Unloading 41 unused Assets / (43.5 KB). Loaded Objects now: 4698.
Memory consumption went from 151.3 MB to 151.2 MB.
Total: 4.372700 ms (FindLiveObjects: 0.377700 ms CreateObjectMapping: 0.385500 ms MarkObjects: 3.518900 ms  DeleteObjects: 0.089400 ms)

AssetImportParameters requested are different than current active one (requested -> active):
  custom:video-decoder-ogg-theora: a1e56fd34408186e4bbccfd4996cb3dc -> 
  custom:container-muxer-webm: aa71ff27fc2769a1b78a27578f13a17b -> 
  custom:container-demuxer-webm: 4f35f7cbe854078d1ac9338744f61a02 -> 
  custom:video-encoder-webm-vp8: eb34c28f22e8b96e1ab97ce403110664 -> 
  custom:video-codec-MediaFoundation-h265: 746d11721c4dcdbdad8f713fa42b33f4 -> 
  custom:audio-encoder-webm-vorbis: bf7c407c2cedff20999df2af8eb42d56 -> 
  custom:framework-win-MediaFoundation: 216162199b28c13a410421893ffa2e32 -> 
  custom:container-demuxer-ogg: 62fdf1f143b41e24485cea50d1cbac27 -> 
  custom:video-decoder-webm-vp8: 9c59270c3fd7afecdb556c50c9e8de78 -> 
  custom:audio-decoder-ogg-vorbis: bf7c407c2cedff20999df2af8eb42d56 -> 
========================================================================
Received Import Request.
  Time since last request: 909.841474 seconds.
  path: Assets/ExampleAssets
  artifactKey: Guid(5040ff35809714c9f899bd2e7ae0f30a) Importer(815301076,1909f56bfc062723c751e8b465ee728b)
Start importing Assets/ExampleAssets using Guid(5040ff35809714c9f899bd2e7ae0f30a) Importer(815301076,1909f56bfc062723c751e8b465ee728b)  -> (artifact id: 'ddad5bf02daeceb3ddb6a87dbbbe33f5') in 0.049519 seconds 
========================================================================
Received Import Request.
  Time since last request: 1.649701 seconds.
  path: Assets/ExampleAssets/Models
  artifactKey: Guid(262e742d15f1b4d1487c6709552f51e9) Importer(815301076,1909f56bfc062723c751e8b465ee728b)
Start importing Assets/ExampleAssets/Models using Guid(262e742d15f1b4d1487c6709552f51e9) Importer(815301076,1909f56bfc062723c751e8b465ee728b)  -> (artifact id: '566ef8c3130ec0a2c63113a416f4cc5c') in 0.006762 seconds 
========================================================================
Received Import Request.
  Time since last request: 3.624946 seconds.
  path: Assets/JustPlay
  artifactKey: Guid(1422b65e90a88a849a173547055017e5) Importer(815301076,1909f56bfc062723c751e8b465ee728b)
Start importing Assets/JustPlay using Guid(1422b65e90a88a849a173547055017e5) Importer(815301076,1909f56bfc062723c751e8b465ee728b)  -> (artifact id: '9e13c36f154eed7eeeb3dd78f7d84355') in 0.013754 seconds 
========================================================================
Received Import Request.
  Time since last request: 1.378602 seconds.
  path: Assets/JustPlay/Demo
  artifactKey: Guid(c1af35d95c43a7a4db751cdb5b244612) Importer(815301076,1909f56bfc062723c751e8b465ee728b)
Start importing Assets/JustPlay/Demo using Guid(c1af35d95c43a7a4db751cdb5b244612) Importer(815301076,1909f56bfc062723c751e8b465ee728b)  -> (artifact id: 'e65a7313fba0770239708ef41bac0f45') in 0.014845 seconds 
========================================================================
Received Import Request.
  Time since last request: 2.921657 seconds.
  path: Assets/JustPlay/TableAngular
  artifactKey: Guid(00182ae4612d5bc4d861ae804a3719fd) Importer(815301076,1909f56bfc062723c751e8b465ee728b)
Start importing Assets/JustPlay/TableAngular using Guid(00182ae4612d5bc4d861ae804a3719fd) Importer(815301076,1909f56bfc062723c751e8b465ee728b)  -> (artifact id: '3758d87f40d0866bc9410c4882f3bc7e') in 0.041376 seconds 
========================================================================
Received Import Request.
  Time since last request: 0.470907 seconds.
  path: Assets/JustPlay/TableAngular/Mesh.fbx
  artifactKey: Guid(065e3d4b688b6364e917bc3679307906) Importer(815301076,1909f56bfc062723c751e8b465ee728b)
Start importing Assets/JustPlay/TableAngular/Mesh.fbx using Guid(065e3d4b688b6364e917bc3679307906) Importer(815301076,1909f56bfc062723c751e8b465ee728b)  -> (artifact id: '70056304b0edd9db939cb4d3bdb796ca') in 0.991035 seconds 
========================================================================
Received Import Request.
  Time since last request: 29.755536 seconds.
  path: Assets/JustPlay/TableAngular/Textures
  artifactKey: Guid(87c4ec881daff0d4f8cecef39796abdc) Importer(815301076,1909f56bfc062723c751e8b465ee728b)
Start importing Assets/JustPlay/TableAngular/Textures using Guid(87c4ec881daff0d4f8cecef39796abdc) Importer(815301076,1909f56bfc062723c751e8b465ee728b)  -> (artifact id: 'd44fa73eeb8aeae08caaf0d650a27af7') in 0.013944 seconds 
========================================================================
Received Import Request.
  Time since last request: 0.016017 seconds.
  path: Assets/JustPlay/TableAngular/Textures/Albedo_2048.png
  artifactKey: Guid(143e4ee2000fc8841be996c7bbef9bbf) Importer(815301076,1909f56bfc062723c751e8b465ee728b)
Start importing Assets/JustPlay/TableAngular/Textures/Albedo_2048.png using Guid(143e4ee2000fc8841be996c7bbef9bbf) Importer(815301076,1909f56bfc062723c751e8b465ee728b)  -> (artifact id: '256896e421a2d8b7116a3da466a734bb') in 0.932169 seconds 
========================================================================
Received Import Request.
  Time since last request: 0.000026 seconds.
  path: Assets/JustPlay/TableAngular/Textures/DetailNormal.png
  artifactKey: Guid(898707322e510ed4b8e967779302f001) Importer(815301076,1909f56bfc062723c751e8b465ee728b)
Start importing Assets/JustPlay/TableAngular/Textures/DetailNormal.png using Guid(898707322e510ed4b8e967779302f001) Importer(815301076,1909f56bfc062723c751e8b465ee728b)  -> (artifact id: 'e434736677dd6654db4d23f42ed2764c') in 0.414302 seconds 
========================================================================
Received Import Request.
  Time since last request: 19.361254 seconds.
  path: Assets/JustPlay/Demo/TableAngular
  artifactKey: Guid(53664434c8f55bc41ab19ef5e25e08be) Importer(815301076,1909f56bfc062723c751e8b465ee728b)
Start importing Assets/JustPlay/Demo/TableAngular using Guid(53664434c8f55bc41ab19ef5e25e08be) Importer(815301076,1909f56bfc062723c751e8b465ee728b)  -> (artifact id: 'b8ce403259b00190d0ea01bfe02ea066') in 0.004670 seconds 
========================================================================
Received Import Request.
  Time since last request: 0.020914 seconds.
  path: Assets/JustPlay/Demo/TableAngular/ReflectionProbe-0.exr
  artifactKey: Guid(eccf765b52b28a249868c2f0a62efa0c) Importer(815301076,1909f56bfc062723c751e8b465ee728b)
Start importing Assets/JustPlay/Demo/TableAngular/ReflectionProbe-0.exr using Guid(eccf765b52b28a249868c2f0a62efa0c) Importer(815301076,1909f56bfc062723c751e8b465ee728b)  -> (artifact id: '1e628a59e30ce94b7f655d571c08b68a') in 0.219936 seconds 
========================================================================
Received Import Request.
  Time since last request: 6.039521 seconds.
  path: Assets/JustPlay/Demo/TableAngular/Materials
  artifactKey: Guid(ded28bf23cda4474fa3ecedac597c04f) Importer(815301076,1909f56bfc062723c751e8b465ee728b)
Start importing Assets/JustPlay/Demo/TableAngular/Materials using Guid(ded28bf23cda4474fa3ecedac597c04f) Importer(815301076,1909f56bfc062723c751e8b465ee728b)  -> (artifact id: '94d42edb65157fad1f6aa28f04149b97') in 0.009024 seconds 
========================================================================
Received Import Request.
  Time since last request: 112.860297 seconds.
  path: Assets/Mesh.prefab
  artifactKey: Guid(1fe9fd68daaa31946a2706ee27c9f1f0) Importer(815301076,1909f56bfc062723c751e8b465ee728b)
Start importing Assets/Mesh.prefab using Guid(1fe9fd68daaa31946a2706ee27c9f1f0) Importer(815301076,1909f56bfc062723c751e8b465ee728b)  -> (artifact id: '0f852589862d33975d59670e9e556494') in 0.059887 seconds 
